<?xml version="1.0" encoding="UTF-8"?>
<!-- Generated by org.testng.reporters.JUnitReportReporter -->
<testsuite skipped="0" hostname="DESKTOP-QHEG5KA" name="com.instarem.base.App" tests="2" failures="0" timestamp="27 Dec 2018 18:57:38 GMT" time="58.131" errors="0">
  <testcase name="getAllImages" time="12.043" classname="com.instarem.base.App"/>
  <testcase name="Malaysia" time="46.088" classname="com.instarem.base.App"/>
</testsuite> <!-- com.instarem.base.App -->
